New log file opened at Mon Apr 18 10:26:08 CEST 2016 by 14373@WTL000113
Taking next connection to: 35131
New client attempting to connect on port: 56874-35131
  Address = /127.0.1.1:35131
This client on port 56874 has uuid 9f5f6ca5-92e4-4bfc-8432-0638ac17bd85 configName activator humanReadableName Activator protocolVersion 3 featureTags Vector()
Connected Clients: activator-9f5f6ca5-92e4-4bfc-8432-0638ac17bd85
Taking next connection to: 35131
Checking to see if clients are empty...
We have 1 non-daemon clients, continuing serving connections.
Taking next connection to: 35131
Checking to see if clients are empty...
We have 1 non-daemon clients, continuing serving connections.
Taking next connection to: 35131
Checking to see if clients are empty...
We have 1 non-daemon clients, continuing serving connections.
Taking next connection to: 35131
Checking to see if clients are empty...
We have 1 non-daemon clients, continuing serving connections.
Taking next connection to: 35131
Checking to see if clients are empty...
We have 1 non-daemon clients, continuing serving connections.
Taking next connection to: 35131
Checking to see if clients are empty...
We have 1 non-daemon clients, continuing serving connections.
Taking next connection to: 35131
Checking to see if clients are empty...
We have 1 non-daemon clients, continuing serving connections.
Taking next connection to: 35131
Checking to see if clients are empty...
We have 1 non-daemon clients, continuing serving connections.
Taking next connection to: 35131
Checking to see if clients are empty...
We have 1 non-daemon clients, continuing serving connections.
Taking next connection to: 35131
Checking to see if clients are empty...
No non-daemon clients connected after 3 min. Shutting down.
Server socket thread exiting.
0 clients open, will close them...
All client sockets have been closed.
Closing the 14373@WTL000113 logs at Mon Apr 18 10:56:09 CEST 2016, goodbye.
